<?xml version="1.0" encoding="UTF-8"?>
<!-- Generated by org.testng.reporters.JUnitXMLReporter -->
<testsuite hostname="z-mac.local" ignored="4" name="search" tests="4" failures="0" timestamp="24 Apr 2022 22:20:05 GMT" time="49.748" errors="0">
  <testcase name="test4" time="4.027" classname="test.amazon.TestSearchSingleItems"/>
  <testcase name="test5" time="1.841" classname="test.amazon.TestSearchSingleItems"/>
  <testcase name="test1" time="1.571" classname="test.amazon.TestFloatingMenu"/>
  <testcase name="searchMultipleItems" time="17.065" classname="test.amazon.TestSearchMultipleItems"/>
  <testcase name="@AfterSuite generateReport" time="0.0" classname="base.CommonAPI">
    <ignored/>
  </testcase> <!-- @AfterSuite generateReport -->
  <testcase name="@AfterSuite generateReport" time="0.0" classname="base.CommonAPI">
    <ignored/>
  </testcase> <!-- @AfterSuite generateReport -->
  <testcase name="@BeforeSuite extentSetup" time="0.0" classname="base.CommonAPI">
    <ignored/>
  </testcase> <!-- @BeforeSuite extentSetup -->
  <testcase name="@BeforeSuite extentSetup" time="0.0" classname="base.CommonAPI">
    <ignored/>
  </testcase> <!-- @BeforeSuite extentSetup -->
</testsuite> <!-- search -->
